This file contains any messages produced by compilers while
running configure, to aid debugging if configure makes a mistake.

It was created by configure, which was
generated by GNU Autoconf 2.53.  Invocation command line was

  $ ./configure 

## --------- ##
## Platform. ##
## --------- ##

hostname = madpuppy
uname -m = i686
uname -r = 2.4.18-14custom
uname -s = Linux
uname -v = #3 ¨. ¾.Â. 25 14:13:36 ICT 2002

/usr/bin/uname -p = unknown
/bin/uname -X     = unknown

/bin/arch              = i686
/usr/bin/arch -k       = unknown
/usr/convex/getsysinfo = unknown
hostinfo               = unknown
/bin/machine           = unknown
/usr/bin/oslevel       = unknown
/bin/universe          = unknown

PATH: /usr/local/bin
PATH: /usr/local/Acrobat5/bin
PATH: /home/vee/usr/bin
PATH: /usr/java/j2sdk1.4.0_01/bin
PATH: /usr/local/bin
PATH: /usr/local/Acrobat5/bin
PATH: /home/vee/usr/bin
PATH: /usr/java/j2sdk1.4.0_01/bin
PATH: /usr/local/bin
PATH: /usr/bin
PATH: /bin
PATH: /usr/X11R6/bin
PATH: /home/vee/bin


## ----------- ##
## Core tests. ##
## ----------- ##

configure:1186: checking for a BSD-compatible install
configure:1240: result: /usr/bin/install -c
configure:1251: checking whether build environment is sane
configure:1294: result: yes
configure:1327: checking for gawk
configure:1343: found /usr/bin/gawk
configure:1353: result: gawk
configure:1363: checking whether make sets ${MAKE}
configure:1383: result: yes
configure:1575: checking for gcc
configure:1591: found /usr/bin/gcc
configure:1601: result: gcc
configure:1845: checking for C compiler version
configure:1848: gcc --version </dev/null >&5
gcc (GCC) 3.2 20020903 (Red Hat Linux 8.0 3.2-7)
Copyright (C) 2002 Free Software Foundation, Inc.
This is free software; see the source for copying conditions.  There is NO
warranty; not even for MERCHANTABILITY or FITNESS FOR A PARTICULAR PURPOSE.

configure:1851: $? = 0
configure:1853: gcc -v </dev/null >&5
Reading specs from /usr/lib/gcc-lib/i386-redhat-linux/3.2/specs
Configured with: ../configure --prefix=/usr --mandir=/usr/share/man --infodir=/usr/share/info --enable-shared --enable-threads=posix --disable-checking --host=i386-redhat-linux --with-system-zlib --enable-__cxa_atexit
Thread model: posix
gcc version 3.2 20020903 (Red Hat Linux 8.0 3.2-7)
configure:1856: $? = 0
configure:1858: gcc -V </dev/null >&5
gcc: argument to `-V' is missing
configure:1861: $? = 1
configure:1887: checking for C compiler default output
configure:1890: gcc    conftest.c  >&5
configure:1893: $? = 0
configure:1926: result: a.out
configure:1931: checking whether the C compiler works
configure:1937: ./a.out
configure:1940: $? = 0
configure:1955: result: yes
configure:1962: checking whether we are cross compiling
configure:1964: result: no
configure:1967: checking for suffix of executables
configure:1969: gcc -o conftest    conftest.c  >&5
configure:1972: $? = 0
configure:1994: result: 
configure:2000: checking for suffix of object files
configure:2024: gcc -c   conftest.c >&5
configure:2027: $? = 0
configure:2046: result: o
configure:2050: checking whether we are using the GNU C compiler
configure:2077: gcc -c   conftest.c >&5
configure:2080: $? = 0
configure:2083: test -s conftest.o
configure:2086: $? = 0
configure:2098: result: yes
configure:2104: checking whether gcc accepts -g
configure:2128: gcc -c -g  conftest.c >&5
configure:2131: $? = 0
configure:2134: test -s conftest.o
configure:2137: $? = 0
configure:2147: result: yes
configure:2174: gcc -c -g -O2  conftest.c >&5
conftest.c:2: parse error before "me"
configure:2177: $? = 1
configure: failed program was:
#ifndef __cplusplus
  choke me
#endif
configure:2306: checking for style of include used by make
configure:2334: result: GNU
configure:2362: checking dependency style of gcc
configure:2424: result: gcc3
configure:2441: checking for a BSD-compatible install
configure:2495: result: /usr/bin/install -c
configure:2506: checking whether ln -s works
configure:2510: result: yes
configure:2517: checking whether make sets ${MAKE}
configure:2537: result: yes
configure:2665: creating ./config.status

## ---------------------- ##
## Running config.status. ##
## ---------------------- ##

This file was extended by config.status, which was
generated by GNU Autoconf 2.53.  Invocation command line was

  CONFIG_FILES    = 
  CONFIG_HEADERS  = 
  CONFIG_LINKS    = 
  CONFIG_COMMANDS = 
  $ ./config.status 

on madpuppy

config.status:591: creating Makefile
config.status:716: executing depfiles commands

## ---------------- ##
## Cache variables. ##
## ---------------- ##

ac_cv_c_compiler_gnu=yes
ac_cv_env_CC_set=
ac_cv_env_CC_value=
ac_cv_env_CFLAGS_set=
ac_cv_env_CFLAGS_value=
ac_cv_env_CPPFLAGS_set=
ac_cv_env_CPPFLAGS_value=
ac_cv_env_LDFLAGS_set=
ac_cv_env_LDFLAGS_value=
ac_cv_env_build_alias_set=
ac_cv_env_build_alias_value=
ac_cv_env_host_alias_set=
ac_cv_env_host_alias_value=
ac_cv_env_target_alias_set=
ac_cv_env_target_alias_value=
ac_cv_exeext=
ac_cv_objext=o
ac_cv_path_install='/usr/bin/install -c'
ac_cv_prog_AWK=gawk
ac_cv_prog_ac_ct_CC=gcc
ac_cv_prog_cc_g=yes
ac_cv_prog_make_make_set=yes
am_cv_CC_dependencies_compiler_type=gcc3

## ----------- ##
## confdefs.h. ##
## ----------- ##

#define PACKAGE_NAME ""
#define PACKAGE_TARNAME ""
#define PACKAGE_VERSION ""
#define PACKAGE_STRING ""
#define PACKAGE_BUGREPORT ""
#define PACKAGE "wi"
#define VERSION "0.0.1"

configure: exit 0

## ---------------------- ##
## Running config.status. ##
## ---------------------- ##

This file was extended by config.status, which was
generated by GNU Autoconf 2.53.  Invocation command line was

  CONFIG_FILES    = 
  CONFIG_HEADERS  = 
  CONFIG_LINKS    = 
  CONFIG_COMMANDS = 
  $ ./config.status Makefile depfiles

on madpuppy

config.status:591: creating Makefile
config.status:716: executing depfiles commands

## ---------------------- ##
## Running config.status. ##
## ---------------------- ##

This file was extended by config.status, which was
generated by GNU Autoconf 2.53.  Invocation command line was

  CONFIG_FILES    = 
  CONFIG_HEADERS  = 
  CONFIG_LINKS    = 
  CONFIG_COMMANDS = 
  $ ./config.status Makefile depfiles

on madpuppy

config.status:591: creating Makefile
config.status:716: executing depfiles commands

## ---------------------- ##
## Running config.status. ##
## ---------------------- ##

This file was extended by config.status, which was
generated by GNU Autoconf 2.53.  Invocation command line was

  CONFIG_FILES    = 
  CONFIG_HEADERS  = 
  CONFIG_LINKS    = 
  CONFIG_COMMANDS = 
  $ ./config.status Makefile depfiles

on madpuppy

config.status:591: creating Makefile
config.status:716: executing depfiles commands

## ---------------------- ##
## Running config.status. ##
## ---------------------- ##

This file was extended by config.status, which was
generated by GNU Autoconf 2.53.  Invocation command line was

  CONFIG_FILES    = 
  CONFIG_HEADERS  = 
  CONFIG_LINKS    = 
  CONFIG_COMMANDS = 
  $ ./config.status Makefile depfiles

on duron

config.status:591: creating Makefile
config.status:716: executing depfiles commands
