This file contains any messages produced by compilers while
running configure, to aid debugging if configure makes a mistake.

It was created by configure, which was
generated by GNU Autoconf 2.57.  Invocation command line was

  $ ./configure --prefix=/home/vee/usr

## --------- ##
## Platform. ##
## --------- ##

hostname = madman
uname -m = i686
uname -r = 2.4.20-386
uname -s = Linux
uname -v = #1 Sat Dec 21 14:31:26 EST 2002

/usr/bin/uname -p = unknown
/bin/uname -X     = unknown

/bin/arch              = i686
/usr/bin/arch -k       = unknown
/usr/convex/getsysinfo = unknown
hostinfo               = unknown
/bin/machine           = unknown
/usr/bin/oslevel       = unknown
/bin/universe          = unknown

PATH: /home/vee/usr/bin
PATH: /usr/local/bin
PATH: /usr/bin
PATH: /bin
PATH: /usr/bin/X11
PATH: /usr/games


## ----------- ##
## Core tests. ##
## ----------- ##

configure:1474: checking for a BSD-compatible install
configure:1528: result: /usr/bin/install -c
configure:1539: checking whether build environment is sane
configure:1582: result: yes
configure:1597: checking whether make sets $(MAKE)
configure:1617: result: yes
configure:1649: checking for working aclocal-1.4
configure:1656: result: found
configure:1664: checking for working autoconf
configure:1671: result: found
configure:1679: checking for working automake-1.4
configure:1686: result: found
configure:1694: checking for working autoheader
configure:1701: result: found
configure:1709: checking for working makeinfo
configure:1720: result: missing
configure:1773: checking for gcc
configure:1789: found /usr/bin/gcc
configure:1799: result: gcc
configure:2043: checking for C compiler version
configure:2046: gcc --version </dev/null >&5
2.95.4
configure:2049: $? = 0
configure:2051: gcc -v </dev/null >&5
Reading specs from /usr/lib/gcc-lib/i386-linux/2.95.4/specs
gcc version 2.95.4 20011002 (Debian prerelease)
configure:2054: $? = 0
configure:2056: gcc -V </dev/null >&5
gcc.real: argument to `-V' is missing
configure:2059: $? = 1
configure:2083: checking for C compiler default output
configure:2086: gcc    conftest.c  >&5
configure:2089: $? = 0
configure:2135: result: a.out
configure:2140: checking whether the C compiler works
configure:2146: ./a.out
configure:2149: $? = 0
configure:2166: result: yes
configure:2173: checking whether we are cross compiling
configure:2175: result: no
configure:2178: checking for suffix of executables
configure:2180: gcc -o conftest    conftest.c  >&5
configure:2183: $? = 0
configure:2208: result: 
configure:2214: checking for suffix of object files
configure:2236: gcc -c   conftest.c >&5
configure:2239: $? = 0
configure:2261: result: o
configure:2265: checking whether we are using the GNU C compiler
configure:2290: gcc -c   conftest.c >&5
configure:2293: $? = 0
configure:2296: test -s conftest.o
configure:2299: $? = 0
configure:2312: result: yes
configure:2318: checking whether gcc accepts -g
configure:2340: gcc -c -g  conftest.c >&5
configure:2343: $? = 0
configure:2346: test -s conftest.o
configure:2349: $? = 0
configure:2360: result: yes
configure:2377: checking for gcc option to accept ANSI C
configure:2438: gcc  -c -g -O2  conftest.c >&5
configure:2441: $? = 0
configure:2444: test -s conftest.o
configure:2447: $? = 0
configure:2465: result: none needed
configure:2483: gcc -c -g -O2  conftest.c >&5
conftest.c:2: parse error before `me'
configure:2486: $? = 1
configure: failed program was:
| #ifndef __cplusplus
|   choke me
| #endif
configure:2607: checking for a BSD-compatible install
configure:2661: result: /usr/bin/install -c
configure:2672: checking whether ln -s works
configure:2676: result: yes
configure:2683: checking whether make sets $(MAKE)
configure:2703: result: yes
configure:2784: checking build system type
configure:2802: result: i686-pc-linux-gnu
configure:2810: checking host system type
configure:2824: result: i686-pc-linux-gnu
configure:2854: checking for ld used by GCC
configure:2917: result: /usr/bin/ld
configure:2926: checking if the linker (/usr/bin/ld) is GNU ld
GNU ld version 2.13.90.0.16 20021126 Debian GNU/Linux
configure:2938: result: yes
configure:2943: checking for /usr/bin/ld option to reload object files
configure:2950: result: -r
configure:2955: checking for BSD-compatible nm
configure:2991: result: /usr/bin/nm -B
configure:2994: checking for a sed that does not truncate output
configure:3076: result: /bin/sed
configure:3079: checking how to recognise dependent libraries
configure:3260: result: pass_all
configure:3273: checking command to parse /usr/bin/nm -B output
configure:3357: gcc -c -g -O2  conftest.c >&5
configure:3360: $? = 0
configure:3364: /usr/bin/nm -B conftest.o \| sed -n -e 's/^.*[ 	]\([ABCDGISTW][ABCDGISTW]*\)[ 	][ 	]*\(\)\([_A-Za-z][_A-Za-z0-9]*\)$/\1 \2\3 \3/p' \> conftest.nm
configure:3367: $? = 0
configure:3419: gcc -o conftest -g -O2   conftest.c conftstm.o >&5
configure:3422: $? = 0
configure:3466: result: ok
configure:3475: checking how to run the C preprocessor
configure:3511: gcc -E  conftest.c
configure:3517: $? = 0
configure:3549: gcc -E  conftest.c
configure:3550: ac_nonexistent.h: No such file or directory
configure:3555: $? = 1
configure: failed program was:
| #line 3540 "configure"
| /* confdefs.h.  */
| 
| #define PACKAGE_NAME ""
| #define PACKAGE_TARNAME ""
| #define PACKAGE_VERSION ""
| #define PACKAGE_STRING ""
| #define PACKAGE_BUGREPORT ""
| #define PACKAGE "wordcut"
| #define VERSION "0.1.0"
| /* end confdefs.h.  */
| #include <ac_nonexistent.h>
configure:3593: result: gcc -E
configure:3618: gcc -E  conftest.c
configure:3624: $? = 0
configure:3656: gcc -E  conftest.c
configure:3657: ac_nonexistent.h: No such file or directory
configure:3662: $? = 1
configure: failed program was:
| #line 3647 "configure"
| /* confdefs.h.  */
| 
| #define PACKAGE_NAME ""
| #define PACKAGE_TARNAME ""
| #define PACKAGE_VERSION ""
| #define PACKAGE_STRING ""
| #define PACKAGE_BUGREPORT ""
| #define PACKAGE "wordcut"
| #define VERSION "0.1.0"
| /* end confdefs.h.  */
| #include <ac_nonexistent.h>
configure:3705: checking for egrep
configure:3715: result: grep -E
configure:3720: checking for ANSI C header files
configure:3746: gcc -c -g -O2  conftest.c >&5
configure:3749: $? = 0
configure:3752: test -s conftest.o
configure:3755: $? = 0
configure:3844: gcc -o conftest -g -O2   conftest.c  >&5
configure:3847: $? = 0
configure:3849: ./conftest
configure:3852: $? = 0
configure:3867: result: yes
configure:3891: checking for sys/types.h
configure:3908: gcc -c -g -O2  conftest.c >&5
configure:3911: $? = 0
configure:3914: test -s conftest.o
configure:3917: $? = 0
configure:3928: result: yes
configure:3891: checking for sys/stat.h
configure:3908: gcc -c -g -O2  conftest.c >&5
configure:3911: $? = 0
configure:3914: test -s conftest.o
configure:3917: $? = 0
configure:3928: result: yes
configure:3891: checking for stdlib.h
configure:3908: gcc -c -g -O2  conftest.c >&5
configure:3911: $? = 0
configure:3914: test -s conftest.o
configure:3917: $? = 0
configure:3928: result: yes
configure:3891: checking for string.h
configure:3908: gcc -c -g -O2  conftest.c >&5
configure:3911: $? = 0
configure:3914: test -s conftest.o
configure:3917: $? = 0
configure:3928: result: yes
configure:3891: checking for memory.h
configure:3908: gcc -c -g -O2  conftest.c >&5
configure:3911: $? = 0
configure:3914: test -s conftest.o
configure:3917: $? = 0
configure:3928: result: yes
configure:3891: checking for strings.h
configure:3908: gcc -c -g -O2  conftest.c >&5
configure:3911: $? = 0
configure:3914: test -s conftest.o
configure:3917: $? = 0
configure:3928: result: yes
configure:3891: checking for inttypes.h
configure:3908: gcc -c -g -O2  conftest.c >&5
configure:3911: $? = 0
configure:3914: test -s conftest.o
configure:3917: $? = 0
configure:3928: result: yes
configure:3891: checking for stdint.h
configure:3908: gcc -c -g -O2  conftest.c >&5
configure:3911: $? = 0
configure:3914: test -s conftest.o
configure:3917: $? = 0
configure:3928: result: yes
configure:3891: checking for unistd.h
configure:3908: gcc -c -g -O2  conftest.c >&5
configure:3911: $? = 0
configure:3914: test -s conftest.o
configure:3917: $? = 0
configure:3928: result: yes
configure:3954: checking dlfcn.h usability
configure:3967: gcc -c -g -O2  conftest.c >&5
configure:3970: $? = 0
configure:3973: test -s conftest.o
configure:3976: $? = 0
configure:3986: result: yes
configure:3990: checking dlfcn.h presence
configure:4001: gcc -E  conftest.c
configure:4007: $? = 0
configure:4026: result: yes
configure:4062: checking for dlfcn.h
configure:4069: result: yes
configure:4267: checking for ranlib
configure:4283: found /usr/bin/ranlib
configure:4294: result: ranlib
configure:4347: checking for strip
configure:4363: found /usr/bin/strip
configure:4374: result: strip
configure:4584: checking for objdir
configure:4595: result: .libs
configure:4612: checking for gcc option to produce PIC
configure:4758: result: -fPIC
configure:4762: checking if gcc PIC flag -fPIC works
configure:4786: gcc -c -g -O2 -fPIC -DPIC  conftest.c >&5
configure:4789: $? = 0
configure:4792: test -s conftest.o
configure:4795: $? = 0
configure:4833: result: yes
configure:4849: checking if gcc static flag -static works
configure:4874: gcc -o conftest -g -O2   -static conftest.c  >&5
configure:4877: $? = 0
configure:4880: test -s conftest
configure:4883: $? = 0
configure:4899: result: yes
configure:4911: checking if gcc supports -c -o file.o
configure:4934: gcc -c -g -O2 -o out/conftest2.o  conftest.c >&5
configure:4955: result: yes
configure:4960: checking if gcc supports -c -o file.lo
configure:4988: gcc -c -g -O2 -c -o conftest.lo  conftest.c >&5
configure:4991: $? = 0
configure:4994: test -s conftest.lo
configure:4997: $? = 0
configure:5019: result: yes
configure:5050: checking if gcc supports -fno-rtti -fno-exceptions
configure:5073: gcc -c -g -O2 -fno-rtti -fno-exceptions -c conftest.c  conftest.c >&5
configure:5076: $? = 0
configure:5079: test -s conftest.o
configure:5082: $? = 0
configure:5099: result: yes
configure:5110: checking whether the linker (/usr/bin/ld) supports shared libraries
configure:5805: result: yes
configure:5810: checking how to hardcode library paths into programs
configure:5834: result: immediate
configure:5839: checking whether stripping libraries is possible
configure:5844: result: yes
configure:5855: checking dynamic linker characteristics
configure:6275: result: GNU/Linux ld.so
configure:6280: checking if libtool supports shared libraries
configure:6282: result: yes
configure:6285: checking whether to build shared libraries
configure:6306: result: yes
configure:6309: checking whether to build static libraries
configure:6313: result: yes
configure:6987: checking whether -lc should be explicitly linked in
configure:6995: gcc -c -g -O2  conftest.c >&5
configure:6998: $? = 0
configure:7012: gcc -shared conftest.o  -v -Wl,-soname -Wl,conftest -o conftest 2\>\&1 \| grep  -lc  \>/dev/null 2\>\&1
configure:7015: $? = 0
configure:7028: result: no
configure:7603: checking for pkg-config
configure:7621: found /usr/bin/pkg-config
configure:7634: result: /usr/bin/pkg-config
configure:7657: checking for string.h
configure:7662: result: yes
configure:7925: creating ./config.status

## ---------------------- ##
## Running config.status. ##
## ---------------------- ##

This file was extended by config.status, which was
generated by GNU Autoconf 2.57.  Invocation command line was

  CONFIG_FILES    = 
  CONFIG_HEADERS  = 
  CONFIG_LINKS    = 
  CONFIG_COMMANDS = 
  $ ./config.status 

on madman

config.status:638: creating Makefile
config.status:638: creating src/Makefile
config.status:638: creating src/encoder/Makefile
config.status:638: creating src/util/Makefile
config.status:638: creating include/Makefile
config.status:638: creating include/wordcut/Makefile
config.status:638: creating include/wordcut/path.h
config.status:638: creating wordcut.pc

## ---------------- ##
## Cache variables. ##
## ---------------- ##

ac_cv_build=i686-pc-linux-gnu
ac_cv_build_alias=i686-pc-linux-gnu
ac_cv_c_compiler_gnu=yes
ac_cv_env_CC_set=
ac_cv_env_CC_value=
ac_cv_env_CFLAGS_set=
ac_cv_env_CFLAGS_value=
ac_cv_env_CPPFLAGS_set=
ac_cv_env_CPPFLAGS_value=
ac_cv_env_CPP_set=
ac_cv_env_CPP_value=
ac_cv_env_LDFLAGS_set=
ac_cv_env_LDFLAGS_value=
ac_cv_env_build_alias_set=
ac_cv_env_build_alias_value=
ac_cv_env_host_alias_set=
ac_cv_env_host_alias_value=
ac_cv_env_target_alias_set=
ac_cv_env_target_alias_value=
ac_cv_exeext=
ac_cv_header_dlfcn_h=yes
ac_cv_header_inttypes_h=yes
ac_cv_header_memory_h=yes
ac_cv_header_stdc=yes
ac_cv_header_stdint_h=yes
ac_cv_header_stdlib_h=yes
ac_cv_header_string_h=yes
ac_cv_header_strings_h=yes
ac_cv_header_sys_stat_h=yes
ac_cv_header_sys_types_h=yes
ac_cv_header_unistd_h=yes
ac_cv_host=i686-pc-linux-gnu
ac_cv_host_alias=i686-pc-linux-gnu
ac_cv_objext=o
ac_cv_path_PKG_CONFIG=/usr/bin/pkg-config
ac_cv_path_install='/usr/bin/install -c'
ac_cv_prog_CPP='gcc -E'
ac_cv_prog_ac_ct_CC=gcc
ac_cv_prog_ac_ct_RANLIB=ranlib
ac_cv_prog_ac_ct_STRIP=strip
ac_cv_prog_cc_g=yes
ac_cv_prog_cc_stdc=
ac_cv_prog_egrep='grep -E'
ac_cv_prog_make_make_set=yes
lt_cv_archive_cmds_need_lc=no
lt_cv_compiler_c_o=yes
lt_cv_compiler_o_lo=yes
lt_cv_deplibs_check_method=pass_all
lt_cv_file_magic_cmd='$MAGIC_CMD'
lt_cv_file_magic_test_file='/lib/libc.so.6 /lib/libc-2.3.1.so'
lt_cv_global_symbol_to_c_name_address='sed -n -e '\''s/^: \([^ ]*\) $/  {\"\1\", (lt_ptr) 0},/p'\'' -e '\''s/^[BCDEGRST] \([^ ]*\) \([^ ]*\)$/  {"\2", (lt_ptr) \&\2},/p'\'''
lt_cv_global_symbol_to_cdecl='sed -n -e '\''s/^. .* \(.*\)$/extern char \1;/p'\'''
lt_cv_ld_reload_flag=-r
lt_cv_path_LD=/usr/bin/ld
lt_cv_path_NM='/usr/bin/nm -B'
lt_cv_path_SED=/bin/sed
lt_cv_prog_cc_can_build_shared=yes
lt_cv_prog_cc_no_builtin=
lt_cv_prog_cc_pic=' -fPIC'
lt_cv_prog_cc_pic_works=yes
lt_cv_prog_cc_shlib=
lt_cv_prog_cc_static=-static
lt_cv_prog_cc_static_works=yes
lt_cv_prog_cc_wl=-Wl,
lt_cv_prog_gnu_ld=yes
lt_cv_sys_global_symbol_pipe='sed -n -e '\''s/^.*[ 	]\([ABCDGISTW][ABCDGISTW]*\)[ 	][ 	]*\(\)\([_A-Za-z][_A-Za-z0-9]*\)$/\1 \2\3 \3/p'\'''

## ----------------- ##
## Output variables. ##
## ----------------- ##

ACLOCAL='aclocal-1.4'
AUTOCONF='autoconf'
AUTOHEADER='autoheader'
AUTOMAKE='automake-1.4'
CC='gcc'
CFLAGS='-g -O2'
CPP='gcc -E'
CPPFLAGS=''
DEFS='-DPACKAGE_NAME=\"\" -DPACKAGE_TARNAME=\"\" -DPACKAGE_VERSION=\"\" -DPACKAGE_STRING=\"\" -DPACKAGE_BUGREPORT=\"\" -DPACKAGE=\"wordcut\" -DVERSION=\"0.1.0\" -DSTDC_HEADERS=1 -DHAVE_SYS_TYPES_H=1 -DHAVE_SYS_STAT_H=1 -DHAVE_STDLIB_H=1 -DHAVE_STRING_H=1 -DHAVE_MEMORY_H=1 -DHAVE_STRINGS_H=1 -DHAVE_INTTYPES_H=1 -DHAVE_STDINT_H=1 -DHAVE_UNISTD_H=1 -DHAVE_DLFCN_H=1 -DHAVE_STRING_H=1 '
ECHO='echo'
ECHO_C=''
ECHO_N='-n'
ECHO_T=''
EGREP='grep -E'
EXEEXT=''
INSTALL_DATA='${INSTALL} -m 644'
INSTALL_PROGRAM='${INSTALL}'
INSTALL_SCRIPT='${INSTALL}'
LDFLAGS=''
LIBOBJS=''
LIBS=''
LIBTOOL='$(SHELL) $(top_builddir)/libtool'
LN_S='ln -s'
LTLIBOBJS=''
MAKEINFO='/home/vee/Land/wordcut/missing makeinfo'
OBJEXT='o'
PACKAGE='wordcut'
PACKAGE_BUGREPORT=''
PACKAGE_NAME=''
PACKAGE_STRING=''
PACKAGE_TARNAME=''
PACKAGE_VERSION=''
PATH_SEPARATOR=':'
PKG_CONFIG='/usr/bin/pkg-config'
RANLIB='ranlib'
SET_MAKE=''
SHELL='/bin/sh'
STRIP='strip'
VERSION='0.1.0'
ac_ct_CC='gcc'
ac_ct_RANLIB='ranlib'
ac_ct_STRIP='strip'
bindir='${exec_prefix}/bin'
build='i686-pc-linux-gnu'
build_alias=''
build_cpu='i686'
build_os='linux-gnu'
build_vendor='pc'
datadir='${prefix}/share'
exec_prefix='${prefix}'
host='i686-pc-linux-gnu'
host_alias=''
host_cpu='i686'
host_os='linux-gnu'
host_vendor='pc'
includedir='${prefix}/include'
infodir='${prefix}/info'
libdir='${exec_prefix}/lib'
libexecdir='${exec_prefix}/libexec'
localstatedir='${prefix}/var'
mandir='${prefix}/man'
oldincludedir='/usr/include'
prefix='/home/vee/usr'
program_transform_name='s,x,x,'
sbindir='${exec_prefix}/sbin'
sharedstatedir='${prefix}/com'
sysconfdir='${prefix}/etc'
target_alias=''

## ----------- ##
## confdefs.h. ##
## ----------- ##

#define HAVE_DLFCN_H 1
#define HAVE_INTTYPES_H 1
#define HAVE_MEMORY_H 1
#define HAVE_STDINT_H 1
#define HAVE_STDLIB_H 1
#define HAVE_STRINGS_H 1
#define HAVE_STRING_H 1
#define HAVE_STRING_H 1
#define HAVE_SYS_STAT_H 1
#define HAVE_SYS_TYPES_H 1
#define HAVE_UNISTD_H 1
#define PACKAGE "wordcut"
#define PACKAGE_BUGREPORT ""
#define PACKAGE_NAME ""
#define PACKAGE_STRING ""
#define PACKAGE_TARNAME ""
#define PACKAGE_VERSION ""
#define STDC_HEADERS 1
#define VERSION "0.1.0"

configure: exit 0

## ---------------------- ##
## Running config.status. ##
## ---------------------- ##

This file was extended by config.status, which was
generated by GNU Autoconf 2.57.  Invocation command line was

  CONFIG_FILES    = Makefile
  CONFIG_HEADERS  = 
  CONFIG_LINKS    = 
  CONFIG_COMMANDS = 
  $ ./config.status 

on madman

config.status:638: creating Makefile

## ---------------------- ##
## Running config.status. ##
## ---------------------- ##

This file was extended by config.status, which was
generated by GNU Autoconf 2.57.  Invocation command line was

  CONFIG_FILES    = wordcut.pc
  CONFIG_HEADERS  = 
  CONFIG_LINKS    = 
  CONFIG_COMMANDS = 
  $ ./config.status 

on madman

config.status:638: creating wordcut.pc
